<?xml version="1.0" encoding="UTF-8"?>
<robot generator="Robot 3.2.2 (Python 3.8.5 on win32)" generated="20210226 01:50:40.889" rpa="false">
<suite id="s1" name="Herokuapp" source="E:\Sstt\tanihub\src\main\herokuapp.robot">
<test id="s1-t1" name="Get Data">
<kw name="Create Session" library="RequestsLibrary">
<doc>Create Session: create a HTTP session to a server</doc>
<arguments>
<arg>Get Vehicles</arg>
<arg>${base_url}</arg>
<arg>verify=True</arg>
</arguments>
<msg timestamp="20210226 01:50:41.257" level="INFO">Creating Session using : alias=Get Vehicles, url=https://ghibliapi.herokuapp.com, headers={},                     cookies={}, auth=None, timeout=None, proxies=None, verify=True,                     debug=0 </msg>
<status status="PASS" starttime="20210226 01:50:41.256" endtime="20210226 01:50:41.258"></status>
</kw>
<kw name="Get Request" library="RequestsLibrary">
<doc>Send a GET request on the session object found using the
given `alias`</doc>
<arguments>
<arg>Get Vehicles</arg>
<arg>uri=${vehicle}</arg>
</arguments>
<assign>
<var>${response}</var>
</assign>
<msg timestamp="20210226 01:50:42.373" level="INFO">GET Request : url=https://ghibliapi.herokuapp.com/vehicles/ 
 path_url=/vehicles/ 
 headers={'User-Agent': 'python-requests/2.18.4', 'Accept-Encoding': 'gzip, deflate', 'Accept': '*/*', 'Connection': 'keep-alive'} 
 body=None 
 </msg>
<msg timestamp="20210226 01:50:42.374" level="INFO">GET Response : url=https://ghibliapi.herokuapp.com/vehicles/ 
 status=200, reason=OK 
 body=[
  {
    "id": "4e09b023-f650-4747-9ab9-eacf14540cfb",
    "name": "Air Destroyer Goliath",
    "description": "A military airship utilized by the government to access Laputa",
    "vehicle_class": "Airship",
    "length": "1,000",
    "pilot": "https://ghibliapi.herokuapp.com/people/40c005ce-3725-4f15-8409-3e1b1b14b583",
    "films": "https://ghibliapi.herokuapp.com/films/2baf70d1-42bb-4437-b551-e5fed5a87abe",
    "url": "https://ghibliapi.herokuapp.com/vehicles/4e09b023-f650-4747-9ab9-eacf14540cfb"
  },
  {
    "id": "d8f893b5-1dd9-41a1-9918-0099c1aa2de8",
    "name": "Red Wing",
    "description": "An experimental aircraft captured by Porco. Named Savoia S.21",
    "vehicle_class": "Airplane",
    "length": "20",
    "pilot": "https://ghibliapi.herokuapp.com/people/6523068d-f5a9-4150-bf5b-76abe6fb42c3",
    "films": "https://ghibliapi.herokuapp.com/films/ebbb6b7c-945c-41ee-a792-de0e43191bd8",
    "url": "https://ghibliapi.herokuapp.com/vehicles/d8f893b5-1dd9-41a1-9918-0099c1aa2de8"
  },
  {
    "id": "923d70c9-8f15-4972-ad53-0128b261d628",
    "name": "Sosuke's Boat",
    "description": "A toy boat where Sosuke plays",
    "vehicle_class": "Boat",
    "length": "10",
    "pilot": "https://ghibliapi.herokuapp.com/people/a10f64f3-e0b6-4a94-bf30-87ad8bc51607",
    "films": "https://ghibliapi.herokuapp.com/films/758bf02e-3122-46e0-884e-67cf83df1786",
    "url": "https://ghibliapi.herokuapp.com/vehicles/923d70c9-8f15-4972-ad53-0128b261d628"
  }
] 
 </msg>
<msg timestamp="20210226 01:50:42.374" level="INFO">${response} = &lt;Response [200]&gt;</msg>
<status status="PASS" starttime="20210226 01:50:41.258" endtime="20210226 01:50:42.374"></status>
</kw>
<kw name="Log" library="BuiltIn">
<doc>Logs the given message with the given level.</doc>
<arguments>
<arg>${response.json()}</arg>
</arguments>
<msg timestamp="20210226 01:50:42.376" level="INFO">[{'id': '4e09b023-f650-4747-9ab9-eacf14540cfb', 'name': 'Air Destroyer Goliath', 'description': 'A military airship utilized by the government to access Laputa', 'vehicle_class': 'Airship', 'length': '1,000', 'pilot': 'https://ghibliapi.herokuapp.com/people/40c005ce-3725-4f15-8409-3e1b1b14b583', 'films': 'https://ghibliapi.herokuapp.com/films/2baf70d1-42bb-4437-b551-e5fed5a87abe', 'url': 'https://ghibliapi.herokuapp.com/vehicles/4e09b023-f650-4747-9ab9-eacf14540cfb'}, {'id': 'd8f893b5-1dd9-41a1-9918-0099c1aa2de8', 'name': 'Red Wing', 'description': 'An experimental aircraft captured by Porco. Named Savoia S.21', 'vehicle_class': 'Airplane', 'length': '20', 'pilot': 'https://ghibliapi.herokuapp.com/people/6523068d-f5a9-4150-bf5b-76abe6fb42c3', 'films': 'https://ghibliapi.herokuapp.com/films/ebbb6b7c-945c-41ee-a792-de0e43191bd8', 'url': 'https://ghibliapi.herokuapp.com/vehicles/d8f893b5-1dd9-41a1-9918-0099c1aa2de8'}, {'id': '923d70c9-8f15-4972-ad53-0128b261d628', 'name': "Sosuke's Boat", 'description': 'A toy boat where Sosuke plays', 'vehicle_class': 'Boat', 'length': '10', 'pilot': 'https://ghibliapi.herokuapp.com/people/a10f64f3-e0b6-4a94-bf30-87ad8bc51607', 'films': 'https://ghibliapi.herokuapp.com/films/758bf02e-3122-46e0-884e-67cf83df1786', 'url': 'https://ghibliapi.herokuapp.com/vehicles/923d70c9-8f15-4972-ad53-0128b261d628'}]</msg>
<status status="PASS" starttime="20210226 01:50:42.375" endtime="20210226 01:50:42.376"></status>
</kw>
<kw name="Set Global Variable" library="BuiltIn">
<doc>Makes a variable available globally in all tests and suites.</doc>
<arguments>
<arg>${response}</arg>
</arguments>
<msg timestamp="20210226 01:50:42.377" level="INFO">${response} = &lt;Response [200]&gt;</msg>
<status status="PASS" starttime="20210226 01:50:42.377" endtime="20210226 01:50:42.377"></status>
</kw>
<kw name="Get File" library="OperatingSystem">
<doc>Returns the contents of a specified file.</doc>
<arguments>
<arg>src/main/expected_json/expected_vehicles_data.json</arg>
</arguments>
<assign>
<var>${expected_json}</var>
</assign>
<msg timestamp="20210226 01:50:42.378" level="INFO" html="yes">Getting file '&lt;a href="file://E:\Sstt\tanihub\src\main\expected_json\expected_vehicles_data.json"&gt;E:\Sstt\tanihub\src\main\expected_json\expected_vehicles_data.json&lt;/a&gt;'.</msg>
<msg timestamp="20210226 01:50:42.379" level="INFO">${expected_json} = [
  {
    "id": "4e09b023-f650-4747-9ab9-eacf14540cfb",
    "name": "Air Destroyer Goliath",
    "description": "A military airship utilized by the government to access Laputa",
    "vehicle_class": "...</msg>
<status status="PASS" starttime="20210226 01:50:42.378" endtime="20210226 01:50:42.379"></status>
</kw>
<kw name="Should Be True" library="BuiltIn">
<doc>Fails if the given condition is not true.</doc>
<arguments>
<arg>${response.json()}==${expected_json}</arg>
</arguments>
<status status="PASS" starttime="20210226 01:50:42.380" endtime="20210226 01:50:42.382"></status>
</kw>
<kw name="Should Be Equal As Strings" library="BuiltIn">
<doc>Fails if objects are unequal after converting them to strings.</doc>
<arguments>
<arg>${response.status_code}</arg>
<arg>200</arg>
</arguments>
<msg timestamp="20210226 01:50:42.383" level="INFO">Argument types are:
&lt;class 'int'&gt;
&lt;type 'unicode'&gt;</msg>
<status status="PASS" starttime="20210226 01:50:42.382" endtime="20210226 01:50:42.383"></status>
</kw>
<status status="PASS" starttime="20210226 01:50:41.255" endtime="20210226 01:50:42.384" critical="yes"></status>
</test>
<doc>API test for herokuapp</doc>
<status status="PASS" starttime="20210226 01:50:40.892" endtime="20210226 01:50:42.385"></status>
</suite>
<statistics>
<total>
<stat pass="1" fail="0">Critical Tests</stat>
<stat pass="1" fail="0">All Tests</stat>
</total>
<tag>
</tag>
<suite>
<stat pass="1" fail="0" id="s1" name="Herokuapp">Herokuapp</stat>
</suite>
</statistics>
<errors>
</errors>
</robot>
